TN:
SF:src/types/plugin-settings.ts
FNF:0
FNH:0
DA:1,1
DA:2,1
DA:3,1
DA:4,1
DA:5,1
DA:6,1
DA:7,1
DA:8,1
DA:9,1
DA:10,1
DA:11,1
DA:12,1
DA:13,1
DA:14,1
DA:15,1
DA:16,1
DA:17,1
DA:18,1
DA:19,1
DA:20,1
DA:21,1
DA:22,1
DA:23,1
DA:24,1
DA:25,1
DA:26,1
DA:27,1
DA:28,1
DA:29,1
DA:30,1
DA:31,1
DA:32,1
DA:33,1
DA:34,1
DA:35,1
DA:36,1
DA:37,1
DA:38,1
DA:39,1
DA:40,1
DA:41,1
DA:42,1
DA:43,1
DA:44,1
DA:45,1
DA:46,1
DA:47,1
DA:48,1
DA:49,1
DA:50,1
DA:51,1
DA:52,1
DA:53,1
DA:54,1
DA:55,1
DA:56,1
DA:57,1
DA:58,1
DA:59,1
DA:60,1
DA:61,1
DA:62,1
DA:63,1
DA:64,1
DA:65,1
DA:66,1
LF:66
LH:66
BRF:0
BRH:0
end_of_record
TN:
SF:src/utils/getBaseAttachmentPath.ts
FN:10,getBaseAttachmentPath
FNF:1
FNH:1
FNDA:8,getBaseAttachmentPath
DA:1,1
DA:2,1
DA:3,1
DA:4,1
DA:5,1
DA:6,1
DA:7,1
DA:8,1
DA:9,1
DA:10,1
DA:11,8
DA:12,8
DA:13,8
DA:14,8
DA:15,4
DA:16,3
DA:17,4
DA:18,1
DA:19,1
DA:20,4
DA:21,4
DA:22,3
DA:23,4
DA:24,1
DA:25,1
DA:26,4
DA:27,8
DA:28,8
DA:29,3
DA:30,3
DA:31,3
DA:32,3
DA:33,0
DA:34,0
DA:35,3
DA:36,8
DA:37,1
DA:38,1
DA:39,1
DA:40,1
DA:41,0
DA:42,0
DA:43,0
DA:44,1
DA:45,5
DA:46,4
DA:47,4
DA:48,4
DA:49,8
DA:50,8
DA:51,8
LF:51
LH:46
BRDA:10,0,0,8
BRDA:14,1,0,4
BRDA:15,2,0,3
BRDA:17,3,0,1
BRDA:21,4,0,3
BRDA:23,5,0,1
BRDA:28,6,0,3
BRDA:32,7,0,0
BRDA:36,8,0,5
BRDA:36,9,0,1
BRDA:40,10,0,0
BRDA:45,11,0,4
BRF:12
BRH:10
end_of_record
TN:
SF:src/utils/getDateFilename.ts
FN:2,getDateFilename
FNF:1
FNH:1
FNDA:3,getDateFilename
DA:1,1
DA:2,1
DA:3,3
DA:4,3
DA:5,3
DA:6,3
DA:7,3
DA:8,3
DA:9,3
DA:10,3
DA:11,3
DA:12,3
DA:13,3
LF:13
LH:13
BRDA:2,0,0,3
BRDA:8,1,0,1
BRDA:8,2,0,2
BRDA:10,3,0,2
BRF:4
BRH:4
end_of_record
TN:
SF:src/utils/getSubfolderPaths.ts
FN:7,getWritingSubfolderPath
FN:14,getDrawingSubfolderPath
FNF:2
FNH:2
FNDA:4,getWritingSubfolderPath
FNDA:4,getDrawingSubfolderPath
DA:1,1
DA:2,1
DA:3,1
DA:4,1
DA:5,1
DA:6,1
DA:7,1
DA:8,4
DA:9,4
DA:10,3
DA:11,3
DA:12,4
DA:13,4
DA:14,1
DA:15,4
DA:16,4
DA:17,3
DA:18,3
DA:19,4
DA:20,4
LF:20
LH:20
BRDA:7,0,0,4
BRDA:9,1,0,3
BRDA:10,2,0,2
BRDA:14,3,0,4
BRDA:16,4,0,3
BRDA:17,5,0,2
BRF:6
BRH:6
end_of_record
TN:
SF:src/utils/log-to-console.ts
FN:20,getTimestamp
FN:34,info
FN:37,warn
FN:40,error
FN:43,debug
FN:47,http
FN:51,verbose
FN:56,print
FN:68,printArray
FN:113,printStr
FN:117,printObj
FN:130,printTimestampAndLabel
FN:134,printEmptyLine
FN:138,getTimestampAndLabel
FNF:14
FNH:0
FNDA:0,getTimestamp
FNDA:0,info
FNDA:0,warn
FNDA:0,error
FNDA:0,debug
FNDA:0,http
FNDA:0,verbose
FNDA:0,print
FNDA:0,printArray
FNDA:0,printStr
FNDA:0,printObj
FNDA:0,printTimestampAndLabel
FNDA:0,printEmptyLine
FNDA:0,getTimestampAndLabel
DA:1,1
DA:2,1
DA:3,1
DA:4,1
DA:5,1
DA:6,1
DA:7,1
DA:8,1
DA:9,1
DA:10,1
DA:11,1
DA:12,1
DA:13,1
DA:14,1
DA:15,1
DA:16,1
DA:17,1
DA:18,1
DA:19,1
DA:20,0
DA:21,0
DA:22,0
DA:23,0
DA:24,0
DA:25,0
DA:26,0
DA:27,0
DA:28,1
DA:29,1
DA:30,1
DA:31,1
DA:32,1
DA:33,1
DA:34,1
DA:35,0
DA:36,0
DA:37,1
DA:38,0
DA:39,0
DA:40,1
DA:41,0
DA:42,0
DA:43,1
DA:44,0
DA:45,0
DA:46,0
DA:47,1
DA:48,0
DA:49,0
DA:50,0
DA:51,1
DA:52,0
DA:53,0
DA:54,0
DA:55,1
DA:56,0
DA:57,0
DA:58,0
DA:59,0
DA:60,0
DA:61,0
DA:62,0
DA:63,0
DA:64,0
DA:65,0
DA:66,0
DA:67,1
DA:68,0
DA:69,0
DA:70,0
DA:71,0
DA:72,0
DA:73,0
DA:74,0
DA:75,0
DA:76,0
DA:77,0
DA:78,0
DA:79,0
DA:80,0
DA:81,0
DA:82,0
DA:83,0
DA:84,0
DA:85,0
DA:86,0
DA:87,0
DA:88,0
DA:89,0
DA:90,0
DA:91,0
DA:92,0
DA:93,0
DA:94,0
DA:95,0
DA:96,0
DA:97,0
DA:98,0
DA:99,0
DA:100,0
DA:101,0
DA:102,0
DA:103,0
DA:104,0
DA:105,0
DA:106,0
DA:107,0
DA:108,0
DA:109,0
DA:110,0
DA:111,0
DA:112,1
DA:113,0
DA:114,0
DA:115,0
DA:116,1
DA:117,0
DA:118,0
DA:119,0
DA:120,0
DA:121,0
DA:122,0
DA:123,0
DA:124,0
DA:125,0
DA:126,0
DA:127,0
DA:128,0
DA:129,1
DA:130,0
DA:131,0
DA:132,0
DA:133,1
DA:134,0
DA:135,0
DA:136,0
DA:137,1
DA:138,0
DA:139,0
DA:140,0
LF:140
LH:38
BRF:0
BRH:0
end_of_record
TN:
SF:src/utils/parseFilepath.ts
FN:3,parseFilepath
FNF:1
FNH:1
FNDA:6,parseFilepath
DA:1,1
DA:2,1
DA:3,1
DA:4,6
DA:5,6
DA:6,6
DA:7,6
DA:8,6
DA:9,6
DA:10,6
DA:11,6
DA:12,6
DA:13,6
DA:14,6
DA:15,6
DA:16,6
DA:17,6
DA:18,6
LF:18
LH:18
BRDA:3,0,0,6
BRDA:7,1,0,1
BRDA:7,2,0,5
BRDA:10,3,0,0
BRDA:12,4,0,0
BRDA:13,5,0,0
BRDA:17,6,0,0
BRF:7
BRH:3
end_of_record
TN:
SF:test/chalk-mock.js
FN:4,Object.<anonymous>.Proxy.get
FN:5,get
FN:6,apply
FNF:3
FNH:1
FNDA:0,Object.<anonymous>.Proxy.get
FNDA:1,get
FNDA:0,apply
DA:1,1
DA:2,1
DA:3,1
DA:4,1
DA:5,1
DA:6,1
DA:7,1
DA:8,1
DA:9,1
DA:10,1
LF:10
LH:10
BRDA:5,0,0,1
BRF:1
BRH:1
end_of_record
